<?xml version="1.0" encoding="UTF-8"?>
<robot generator="Robot 6.1 (Python 3.11.4 on win32)" generated="20230717 10:19:12.472" rpa="false" schemaversion="4">
<suite id="s1" name="Conditions" source="C:\Users\m2733\Downloads\robotframework-tp\jour5\conditions.robot">
<test id="s1-t1" name="Example Test" line="9">
<for flavor="IN">
<var>${item}</var>
<value>@{list}</value>
<iter>
<var name="${item}">1</var>
<kw name="Run Keyword If" library="BuiltIn">
<arg>${item} % 2 == 0</arg>
<arg>Log</arg>
<arg>${item} is even</arg>
<arg>ELSE</arg>
<arg>Log</arg>
<arg>${item} is odd</arg>
<doc>Runs the given keyword with the given arguments, if ``condition`` is true.</doc>
<kw name="Log" library="BuiltIn">
<arg>${item} is odd</arg>
<doc>Logs the given message with the given level.</doc>
<msg timestamp="20230717 10:19:12.675" level="INFO">1 is odd</msg>
<status status="PASS" starttime="20230717 10:19:12.675" endtime="20230717 10:19:12.675"/>
</kw>
<status status="PASS" starttime="20230717 10:19:12.675" endtime="20230717 10:19:12.676"/>
</kw>
<status status="PASS" starttime="20230717 10:19:12.674" endtime="20230717 10:19:12.676"/>
</iter>
<iter>
<var name="${item}">2</var>
<kw name="Run Keyword If" library="BuiltIn">
<arg>${item} % 2 == 0</arg>
<arg>Log</arg>
<arg>${item} is even</arg>
<arg>ELSE</arg>
<arg>Log</arg>
<arg>${item} is odd</arg>
<doc>Runs the given keyword with the given arguments, if ``condition`` is true.</doc>
<kw name="Log" library="BuiltIn">
<arg>${item} is even</arg>
<doc>Logs the given message with the given level.</doc>
<msg timestamp="20230717 10:19:12.676" level="INFO">2 is even</msg>
<status status="PASS" starttime="20230717 10:19:12.676" endtime="20230717 10:19:12.676"/>
</kw>
<status status="PASS" starttime="20230717 10:19:12.676" endtime="20230717 10:19:12.676"/>
</kw>
<status status="PASS" starttime="20230717 10:19:12.676" endtime="20230717 10:19:12.676"/>
</iter>
<iter>
<var name="${item}">3</var>
<kw name="Run Keyword If" library="BuiltIn">
<arg>${item} % 2 == 0</arg>
<arg>Log</arg>
<arg>${item} is even</arg>
<arg>ELSE</arg>
<arg>Log</arg>
<arg>${item} is odd</arg>
<doc>Runs the given keyword with the given arguments, if ``condition`` is true.</doc>
<kw name="Log" library="BuiltIn">
<arg>${item} is odd</arg>
<doc>Logs the given message with the given level.</doc>
<msg timestamp="20230717 10:19:12.677" level="INFO">3 is odd</msg>
<status status="PASS" starttime="20230717 10:19:12.677" endtime="20230717 10:19:12.677"/>
</kw>
<status status="PASS" starttime="20230717 10:19:12.676" endtime="20230717 10:19:12.677"/>
</kw>
<status status="PASS" starttime="20230717 10:19:12.676" endtime="20230717 10:19:12.677"/>
</iter>
<iter>
<var name="${item}">4</var>
<kw name="Run Keyword If" library="BuiltIn">
<arg>${item} % 2 == 0</arg>
<arg>Log</arg>
<arg>${item} is even</arg>
<arg>ELSE</arg>
<arg>Log</arg>
<arg>${item} is odd</arg>
<doc>Runs the given keyword with the given arguments, if ``condition`` is true.</doc>
<kw name="Log" library="BuiltIn">
<arg>${item} is even</arg>
<doc>Logs the given message with the given level.</doc>
<msg timestamp="20230717 10:19:12.677" level="INFO">4 is even</msg>
<status status="PASS" starttime="20230717 10:19:12.677" endtime="20230717 10:19:12.677"/>
</kw>
<status status="PASS" starttime="20230717 10:19:12.677" endtime="20230717 10:19:12.677"/>
</kw>
<status status="PASS" starttime="20230717 10:19:12.677" endtime="20230717 10:19:12.677"/>
</iter>
<iter>
<var name="${item}">5</var>
<kw name="Run Keyword If" library="BuiltIn">
<arg>${item} % 2 == 0</arg>
<arg>Log</arg>
<arg>${item} is even</arg>
<arg>ELSE</arg>
<arg>Log</arg>
<arg>${item} is odd</arg>
<doc>Runs the given keyword with the given arguments, if ``condition`` is true.</doc>
<kw name="Log" library="BuiltIn">
<arg>${item} is odd</arg>
<doc>Logs the given message with the given level.</doc>
<msg timestamp="20230717 10:19:12.679" level="INFO">5 is odd</msg>
<status status="PASS" starttime="20230717 10:19:12.678" endtime="20230717 10:19:12.679"/>
</kw>
<status status="PASS" starttime="20230717 10:19:12.678" endtime="20230717 10:19:12.679"/>
</kw>
<status status="PASS" starttime="20230717 10:19:12.677" endtime="20230717 10:19:12.679"/>
</iter>
<status status="PASS" starttime="20230717 10:19:12.674" endtime="20230717 10:19:12.679"/>
</for>
<status status="PASS" starttime="20230717 10:19:12.673" endtime="20230717 10:19:12.679"/>
</test>
<doc>This file contains test cases for the login functionality.</doc>
<status status="PASS" starttime="20230717 10:19:12.473" endtime="20230717 10:19:12.682"/>
</suite>
<statistics>
<total>
<stat pass="1" fail="0" skip="0">All Tests</stat>
</total>
<tag>
</tag>
<suite>
<stat pass="1" fail="0" skip="0" id="s1" name="Conditions">Conditions</stat>
</suite>
</statistics>
<errors>
</errors>
</robot>
